  [1m[35m (0.2ms)[0m  [1m[34mSELECT sqlite_version(*)[0m
  ↳ /home/tresor/.rbenv/versions/2.6.4/bin/rake:23
  [1m[35m (133.5ms)[0m  [1m[35mCREATE TABLE "schema_migrations" ("version" varchar NOT NULL PRIMARY KEY)[0m
  ↳ /home/tresor/.rbenv/versions/2.6.4/bin/rake:23
  [1m[35m (143.5ms)[0m  [1m[35mCREATE TABLE "ar_internal_metadata" ("key" varchar NOT NULL PRIMARY KEY, "value" varchar, "created_at" datetime NOT NULL, "updated_at" datetime NOT NULL)[0m
  ↳ /home/tresor/.rbenv/versions/2.6.4/bin/rake:23
  [1m[35m (0.3ms)[0m  [1m[34mSELECT "schema_migrations"."version" FROM "schema_migrations" ORDER BY "schema_migrations"."version" ASC[0m
  ↳ /home/tresor/.rbenv/versions/2.6.4/bin/rake:23
Migrating to CreateUsers (20191216194421)
  [1m[35m (0.2ms)[0m  [1m[36mbegin transaction[0m
  ↳ /home/tresor/.rbenv/versions/2.6.4/bin/rake:23
  [1m[35m (11.5ms)[0m  [1m[35mCREATE TABLE "users" ("id" integer PRIMARY KEY AUTOINCREMENT NOT NULL, "name" varchar, "email" varchar, "password" varchar, "user_name" varchar, "created_at" datetime NOT NULL, "updated_at" datetime NOT NULL)[0m
  ↳ db/migrate/20191216194421_create_users.rb:3
  [1m[36mActiveRecord::SchemaMigration Create (0.4ms)[0m  [1m[32mINSERT INTO "schema_migrations" ("version") VALUES (?)[0m  [["version", "20191216194421"]]
  ↳ /home/tresor/.rbenv/versions/2.6.4/bin/rake:23
  [1m[35m (138.8ms)[0m  [1m[36mcommit transaction[0m
  ↳ /home/tresor/.rbenv/versions/2.6.4/bin/rake:23
  [1m[36mActiveRecord::InternalMetadata Load (0.4ms)[0m  [1m[34mSELECT  "ar_internal_metadata".* FROM "ar_internal_metadata" WHERE "ar_internal_metadata"."key" = ? LIMIT ?[0m  [["key", "environment"], ["LIMIT", 1]]
  ↳ /home/tresor/.rbenv/versions/2.6.4/bin/rake:23
  [1m[35m (0.3ms)[0m  [1m[36mbegin transaction[0m
  ↳ /home/tresor/.rbenv/versions/2.6.4/bin/rake:23
  [1m[36mActiveRecord::InternalMetadata Create (1.2ms)[0m  [1m[32mINSERT INTO "ar_internal_metadata" ("key", "value", "created_at", "updated_at") VALUES (?, ?, ?, ?)[0m  [["key", "environment"], ["value", "development"], ["created_at", "2019-12-16 19:57:20.167690"], ["updated_at", "2019-12-16 19:57:20.167690"]]
  ↳ /home/tresor/.rbenv/versions/2.6.4/bin/rake:23
  [1m[35m (85.6ms)[0m  [1m[36mcommit transaction[0m
  ↳ /home/tresor/.rbenv/versions/2.6.4/bin/rake:23
  [1m[35m (0.3ms)[0m  [1m[34mSELECT "schema_migrations"."version" FROM "schema_migrations" ORDER BY "schema_migrations"."version" ASC[0m
  ↳ /home/tresor/.rbenv/versions/2.6.4/bin/rake:23
  [1m[36mUser Load (1.1ms)[0m  [1m[34mSELECT  "users".* FROM "users" LIMIT ?[0m  [["LIMIT", 11]]
  [1m[35m (0.1ms)[0m  [1m[36mbegin transaction[0m
  [1m[36mUser Create (2.1ms)[0m  [1m[32mINSERT INTO "users" ("name", "email", "password", "user_name", "created_at", "updated_at") VALUES (?, ?, ?, ?, ?, ?)[0m  [["name", "aubin"], ["email", "aha@gmail.com"], ["password", "1234"], ["user_name", "ahmed"], ["created_at", "2019-12-16 20:00:29.489758"], ["updated_at", "2019-12-16 20:00:29.489758"]]
  [1m[35m (223.8ms)[0m  [1m[36mcommit transaction[0m
  [1m[36mUser Load (0.4ms)[0m  [1m[34mSELECT  "users".* FROM "users" ORDER BY "users"."id" ASC LIMIT ?[0m  [["LIMIT", 1]]
